# JRE version: OpenJDK Runtime Environment (8.0_242-b01) (build 1.8.0_242-release-1644-b01)
# Java VM: OpenJDK 64-Bit Server VM (25.242-b01 mixed mode windows-amd64 compressed oops)
Heap:
 PSYoungGen      total 345600K, used 97121K [0x00000000d5580000, 0x00000000ede80000, 0x0000000100000000)
  eden space 299008K, 32% used [0x00000000d5580000,0x00000000db4586a8,0x00000000e7980000)
  from space 46592K, 0% used [0x00000000eac00000,0x00000000eac00000,0x00000000ed980000)
  to   space 51712K, 0% used [0x00000000e7980000,0x00000000e7980000,0x00000000eac00000)
 ParOldGen       total 228864K, used 228805K [0x0000000080000000, 0x000000008df80000, 0x00000000d5580000)
  object space 228864K, 99% used [0x0000000080000000,0x000000008df71668,0x000000008df80000)
 Metaspace       used 114304K, capacity 119104K, committed 119576K, reserved 1153024K
  class space    used 14778K, capacity 15766K, committed 15920K, reserved 1048576K
GC Heap History (10 events):
Event: 41.226 GC heap before
{Heap before GC invocations=23 (full 4):
 PSYoungGen      total 345600K, used 299008K [0x00000000d5580000, 0x00000000ede80000, 0x0000000100000000)
  eden space 299008K, 100% used [0x00000000d5580000,0x00000000e7980000,0x00000000e7980000)
  from space 46592K, 0% used [0x00000000eac00000,0x00000000eac00000,0x00000000ed980000)
  to   space 51712K, 0% used [0x00000000e7980000,0x00000000e7980000,0x00000000eac00000)
 ParOldGen       total 227328K, used 87008K [0x0000000080000000, 0x000000008de00000, 0x00000000d5580000)
  object space 227328K, 38% used [0x0000000080000000,0x00000000854f8258,0x000000008de00000)
 Metaspace       used 103215K, capacity 108104K, committed 108184K, reserved 1142784K
  class space    used 13713K, capacity 14708K, committed 14768K, reserved 1048576K
Event: 41.283 GC heap after
Heap after GC invocations=23 (full 4):
 PSYoungGen      total 350720K, used 51700K [0x00000000d5580000, 0x00000000ede80000, 0x0000000100000000)
  eden space 299008K, 0% used [0x00000000d5580000,0x00000000d5580000,0x00000000e7980000)
  from space 51712K, 99% used [0x00000000e7980000,0x00000000eabfd020,0x00000000eac00000)
  to   space 46592K, 0% used [0x00000000eac00000,0x00000000eac00000,0x00000000ed980000)
 ParOldGen       total 227328K, used 167963K [0x0000000080000000, 0x000000008de00000, 0x00000000d5580000)
  object space 227328K, 73% used [0x0000000080000000,0x000000008a406c18,0x000000008de00000)
 Metaspace       used 103215K, capacity 108104K, committed 108184K, reserved 1142784K
  class space    used 13713K, capacity 14708K, committed 14768K, reserved 1048576K
}
Event: 42.020 GC heap before
{Heap before GC invocations=24 (full 4):
 PSYoungGen      total 350720K, used 350708K [0x00000000d5580000, 0x00000000ede80000, 0x0000000100000000)
  eden space 299008K, 100% used [0x00000000d5580000,0x00000000e7980000,0x00000000e7980000)
  from space 51712K, 99% used [0x00000000e7980000,0x00000000eabfd020,0x00000000eac00000)
  to   space 46592K, 0% used [0x00000000eac00000,0x00000000eac00000,0x00000000ed980000)
 ParOldGen       total 227328K, used 167963K [0x0000000080000000, 0x000000008de00000, 0x00000000d5580000)
  object space 227328K, 73% used [0x0000000080000000,0x000000008a406c18,0x000000008de00000)
 Metaspace       used 107921K, capacity 112794K, committed 112920K, reserved 1146880K
  class space    used 14071K, capacity 15093K, committed 15152K, reserved 1048576K
Event: 42.079 GC heap after
Heap after GC invocations=24 (full 4):
 PSYoungGen      total 345600K, used 46567K [0x00000000d5580000, 0x00000000ede80000, 0x0000000100000000)
  eden space 299008K, 0% used [0x00000000d5580000,0x00000000d5580000,0x00000000e7980000)
  from space 46592K, 99% used [0x00000000eac00000,0x00000000ed979ca0,0x00000000ed980000)
  to   space 51712K, 0% used [0x00000000e7980000,0x00000000e7980000,0x00000000eac00000)
 ParOldGen       total 228864K, used 228707K [0x0000000080000000, 0x000000008df80000, 0x00000000d5580000)
  object space 228864K, 99% used [0x0000000080000000,0x000000008df58e38,0x000000008df80000)
 Metaspace       used 107921K, capacity 112794K, committed 112920K, reserved 1146880K
  class space    used 14071K, capacity 15093K, committed 15152K, reserved 1048576K
}
Event: 42.079 GC heap before
{Heap before GC invocations=25 (full 5):
 PSYoungGen      total 345600K, used 46567K [0x00000000d5580000, 0x00000000ede80000, 0x0000000100000000)
  eden space 299008K, 0% used [0x00000000d5580000,0x00000000d5580000,0x00000000e7980000)
  from space 46592K, 99% used [0x00000000eac00000,0x00000000ed979ca0,0x00000000ed980000)
  to   space 51712K, 0% used [0x00000000e7980000,0x00000000e7980000,0x00000000eac00000)
 ParOldGen       total 228864K, used 228707K [0x0000000080000000, 0x000000008df80000, 0x00000000d5580000)
  object space 228864K, 99% used [0x0000000080000000,0x000000008df58e38,0x000000008df80000)
 Metaspace       used 107921K, capacity 112794K, committed 112920K, reserved 1146880K
  class space    used 14071K, capacity 15093K, committed 15152K, reserved 1048576K
Event: 42.887 GC heap after
Heap after GC invocations=25 (full 5):
 PSYoungGen      total 345600K, used 19811K [0x00000000d5580000, 0x00000000ede80000, 0x0000000100000000)
  eden space 299008K, 0% used [0x00000000d5580000,0x00000000d5580000,0x00000000e7980000)
  from space 46592K, 42% used [0x00000000eac00000,0x00000000ebf58eb8,0x00000000ed980000)
  to   space 51712K, 0% used [0x00000000e7980000,0x00000000e7980000,0x00000000eac00000)
 ParOldGen       total 228864K, used 228720K [0x0000000080000000, 0x000000008df80000, 0x00000000d5580000)
  object space 228864K, 99% used [0x0000000080000000,0x000000008df5c2a8,0x000000008df80000)
 Metaspace       used 107855K, capacity 112622K, committed 112920K, reserved 1146880K
  class space    used 14047K, capacity 15049K, committed 15152K, reserved 1048576K
}
Event: 43.588 GC heap before
{Heap before GC invocations=26 (full 6):
 PSYoungGen      total 345600K, used 318819K [0x00000000d5580000, 0x00000000ede80000, 0x0000000100000000)
  eden space 299008K, 100% used [0x00000000d5580000,0x00000000e7980000,0x00000000e7980000)
  from space 46592K, 42% used [0x00000000eac00000,0x00000000ebf58eb8,0x00000000ed980000)
  to   space 51712K, 0% used [0x00000000e7980000,0x00000000e7980000,0x00000000eac00000)
 ParOldGen       total 228864K, used 228720K [0x0000000080000000, 0x000000008df80000, 0x00000000d5580000)
  object space 228864K, 99% used [0x0000000080000000,0x000000008df5c2a8,0x000000008df80000)
 Metaspace       used 113995K, capacity 118830K, committed 119320K, reserved 1153024K
  class space    used 14772K, capacity 15763K, committed 15920K, reserved 1048576K
Event: 44.824 GC heap after
Heap after GC invocations=26 (full 6):
 PSYoungGen      total 345600K, used 68259K [0x00000000d5580000, 0x00000000ede80000, 0x0000000100000000)
  eden space 299008K, 22% used [0x00000000d5580000,0x00000000d9828e88,0x00000000e7980000)
  from space 46592K, 0% used [0x00000000eac00000,0x00000000eac00000,0x00000000ed980000)
  to   space 51712K, 0% used [0x00000000e7980000,0x00000000e7980000,0x00000000eac00000)
 ParOldGen       total 228864K, used 228222K [0x0000000080000000, 0x000000008df80000, 0x00000000d5580000)
  object space 228864K, 99% used [0x0000000080000000,0x000000008dedfbf0,0x000000008df80000)
 Metaspace       used 113995K, capacity 118830K, committed 119320K, reserved 1153024K
  class space    used 14772K, capacity 15763K, committed 15920K, reserved 1048576K
}
Event: 45.131 GC heap before
{Heap before GC invocations=27 (full 7):
 PSYoungGen      total 345600K, used 299008K [0x00000000d5580000, 0x00000000ede80000, 0x0000000100000000)
  eden space 299008K, 100% used [0x00000000d5580000,0x00000000e7980000,0x00000000e7980000)
  from space 46592K, 0% used [0x00000000eac00000,0x00000000eac00000,0x00000000ed980000)
  to   space 51712K, 0% used [0x00000000e7980000,0x00000000e7980000,0x00000000eac00000)
 ParOldGen       total 228864K, used 228222K [0x0000000080000000, 0x000000008df80000, 0x00000000d5580000)
  object space 228864K, 99% used [0x0000000080000000,0x000000008dedfbf0,0x000000008df80000)
 Metaspace       used 114250K, capacity 119086K, committed 119576K, reserved 1153024K
  class space    used 14773K, capacity 15763K, committed 15920K, reserved 1048576K
Event: 45.581 GC heap after
Heap after GC invocations=27 (full 7):
 PSYoungGen      total 345600K, used 39442K [0x00000000d5580000, 0x00000000ede80000, 0x0000000100000000)
  eden space 299008K, 13% used [0x00000000d5580000,0x00000000d7c04bc0,0x00000000e7980000)
  from space 46592K, 0% used [0x00000000eac00000,0x00000000eac00000,0x00000000ed980000)
  to   space 51712K, 0% used [0x00000000e7980000,0x00000000e7980000,0x00000000eac00000)
 ParOldGen       total 228864K, used 228805K [0x0000000080000000, 0x000000008df80000, 0x00000000d5580000)
  object space 228864K, 99% used [0x0000000080000000,0x000000008df71668,0x000000008df80000)
 Metaspace       used 114250K, capacity 119086K, committed 119576K, reserved 1153024K
  class space    used 14773K, capacity 15763K, committed 15920K, reserved 1048576K
}

