# JRE version: OpenJDK Runtime Environment (8.0_242-b01) (build 1.8.0_242-release-1644-b01)
# Java VM: OpenJDK 64-Bit Server VM (25.242-b01 mixed mode windows-amd64 compressed oops)
Heap:
 PSYoungGen      total 579584K, used 398427K [0x00000000d5580000, 0x00000000fff00000, 0x0000000100000000)
  eden space 471552K, 78% used [0x00000000d5580000,0x00000000ec044cb0,0x00000000f2200000)
  from space 108032K, 24% used [0x00000000f8c80000,0x00000000fa6d1f78,0x00000000ff600000)
  to   space 109056K, 0% used [0x00000000f2200000,0x00000000f2200000,0x00000000f8c80000)
 ParOldGen       total 575488K, used 165388K [0x0000000080000000, 0x00000000a3200000, 0x00000000d5580000)
  object space 575488K, 28% used [0x0000000080000000,0x000000008a1830b0,0x00000000a3200000)
 Metaspace       used 192526K, capacity 207618K, committed 207896K, reserved 1230848K
  class space    used 23920K, capacity 26628K, committed 26672K, reserved 1048576K
GC Heap History (10 events):
Event: 6862.464 GC heap before
{Heap before GC invocations=92 (full 6):
 PSYoungGen      total 498688K, used 498517K [0x00000000d5580000, 0x00000000ff880000, 0x0000000100000000)
  eden space 436736K, 100% used [0x00000000d5580000,0x00000000f0000000,0x00000000f0000000)
  from space 61952K, 99% used [0x00000000f0000000,0x00000000f3c55768,0x00000000f3c80000)
  to   space 124416K, 0% used [0x00000000f7f00000,0x00000000f7f00000,0x00000000ff880000)
 ParOldGen       total 575488K, used 120740K [0x0000000080000000, 0x00000000a3200000, 0x00000000d5580000)
  object space 575488K, 20% used [0x0000000080000000,0x00000000875e90b0,0x00000000a3200000)
 Metaspace       used 171553K, capacity 183938K, committed 183960K, reserved 1210368K
  class space    used 21229K, capacity 23454K, committed 23472K, reserved 1048576K
Event: 6862.483 GC heap after
Heap after GC invocations=92 (full 6):
 PSYoungGen      total 571392K, used 51529K [0x00000000d5580000, 0x0000000100000000, 0x0000000100000000)
  eden space 446976K, 0% used [0x00000000d5580000,0x00000000d5580000,0x00000000f0a00000)
  from space 124416K, 41% used [0x00000000f7f00000,0x00000000fb152630,0x00000000ff880000)
  to   space 119808K, 0% used [0x00000000f0a00000,0x00000000f0a00000,0x00000000f7f00000)
 ParOldGen       total 575488K, used 121712K [0x0000000080000000, 0x00000000a3200000, 0x00000000d5580000)
  object space 575488K, 21% used [0x0000000080000000,0x00000000876dc100,0x00000000a3200000)
 Metaspace       used 171553K, capacity 183938K, committed 183960K, reserved 1210368K
  class space    used 21229K, capacity 23454K, committed 23472K, reserved 1048576K
}
Event: 6865.296 GC heap before
{Heap before GC invocations=93 (full 6):
 PSYoungGen      total 571392K, used 498505K [0x00000000d5580000, 0x0000000100000000, 0x0000000100000000)
  eden space 446976K, 100% used [0x00000000d5580000,0x00000000f0a00000,0x00000000f0a00000)
  from space 124416K, 41% used [0x00000000f7f00000,0x00000000fb152630,0x00000000ff880000)
  to   space 119808K, 0% used [0x00000000f0a00000,0x00000000f0a00000,0x00000000f7f00000)
 ParOldGen       total 575488K, used 121712K [0x0000000080000000, 0x00000000a3200000, 0x00000000d5580000)
  object space 575488K, 21% used [0x0000000080000000,0x00000000876dc100,0x00000000a3200000)
 Metaspace       used 172382K, capacity 184786K, committed 184856K, reserved 1210368K
  class space    used 21304K, capacity 23542K, committed 23600K, reserved 1048576K
Event: 6865.344 GC heap after
Heap after GC invocations=93 (full 6):
 PSYoungGen      total 566784K, used 63760K [0x00000000d5580000, 0x00000000ff280000, 0x0000000100000000)
  eden space 446976K, 0% used [0x00000000d5580000,0x00000000d5580000,0x00000000f0a00000)
  from space 119808K, 53% used [0x00000000f0a00000,0x00000000f4844358,0x00000000f7f00000)
  to   space 115200K, 0% used [0x00000000f8200000,0x00000000f8200000,0x00000000ff280000)
 ParOldGen       total 575488K, used 135474K [0x0000000080000000, 0x00000000a3200000, 0x00000000d5580000)
  object space 575488K, 23% used [0x0000000080000000,0x000000008844cb28,0x00000000a3200000)
 Metaspace       used 172382K, capacity 184786K, committed 184856K, reserved 1210368K
  class space    used 21304K, capacity 23542K, committed 23600K, reserved 1048576K
}
Event: 6865.546 GC heap before
{Heap before GC invocations=94 (full 6):
 PSYoungGen      total 566784K, used 510736K [0x00000000d5580000, 0x00000000ff280000, 0x0000000100000000)
  eden space 446976K, 100% used [0x00000000d5580000,0x00000000f0a00000,0x00000000f0a00000)
  from space 119808K, 53% used [0x00000000f0a00000,0x00000000f4844358,0x00000000f7f00000)
  to   space 115200K, 0% used [0x00000000f8200000,0x00000000f8200000,0x00000000ff280000)
 ParOldGen       total 575488K, used 135474K [0x0000000080000000, 0x00000000a3200000, 0x00000000d5580000)
  object space 575488K, 23% used [0x0000000080000000,0x000000008844cb28,0x00000000a3200000)
 Metaspace       used 172386K, capacity 184786K, committed 184856K, reserved 1210368K
  class space    used 21304K, capacity 23542K, committed 23600K, reserved 1048576K
Event: 6865.586 GC heap after
Heap after GC invocations=94 (full 6):
 PSYoungGen      total 573952K, used 66028K [0x00000000d5580000, 0x00000000ff380000, 0x0000000100000000)
  eden space 458752K, 0% used [0x00000000d5580000,0x00000000d5580000,0x00000000f1580000)
  from space 115200K, 57% used [0x00000000f8200000,0x00000000fc27b228,0x00000000ff280000)
  to   space 111104K, 0% used [0x00000000f1580000,0x00000000f1580000,0x00000000f8200000)
 ParOldGen       total 575488K, used 143584K [0x0000000080000000, 0x00000000a3200000, 0x00000000d5580000)
  object space 575488K, 24% used [0x0000000080000000,0x0000000088c38138,0x00000000a3200000)
 Metaspace       used 172386K, capacity 184786K, committed 184856K, reserved 1210368K
  class space    used 21304K, capacity 23542K, committed 23600K, reserved 1048576K
}
Event: 6867.446 GC heap before
{Heap before GC invocations=95 (full 6):
 PSYoungGen      total 573952K, used 524780K [0x00000000d5580000, 0x00000000ff380000, 0x0000000100000000)
  eden space 458752K, 100% used [0x00000000d5580000,0x00000000f1580000,0x00000000f1580000)
  from space 115200K, 57% used [0x00000000f8200000,0x00000000fc27b228,0x00000000ff280000)
  to   space 111104K, 0% used [0x00000000f1580000,0x00000000f1580000,0x00000000f8200000)
 ParOldGen       total 575488K, used 143584K [0x0000000080000000, 0x00000000a3200000, 0x00000000d5580000)
  object space 575488K, 24% used [0x0000000080000000,0x0000000088c38138,0x00000000a3200000)
 Metaspace       used 183375K, capacity 195954K, committed 196248K, reserved 1220608K
  class space    used 22402K, capacity 24720K, committed 24752K, reserved 1048576K
Event: 6867.491 GC heap after
Heap after GC invocations=95 (full 6):
 PSYoungGen      total 569856K, used 51092K [0x00000000d5580000, 0x00000000ff600000, 0x0000000100000000)
  eden space 458752K, 0% used [0x00000000d5580000,0x00000000d5580000,0x00000000f1580000)
  from space 111104K, 45% used [0x00000000f1580000,0x00000000f4765178,0x00000000f8200000)
  to   space 108032K, 0% used [0x00000000f8c80000,0x00000000f8c80000,0x00000000ff600000)
 ParOldGen       total 575488K, used 162877K [0x0000000080000000, 0x00000000a3200000, 0x00000000d5580000)
  object space 575488K, 28% used [0x0000000080000000,0x0000000089f0f4a0,0x00000000a3200000)
 Metaspace       used 183375K, capacity 195954K, committed 196248K, reserved 1220608K
  class space    used 22402K, capacity 24720K, committed 24752K, reserved 1048576K
}
Event: 6875.167 GC heap before
{Heap before GC invocations=96 (full 6):
 PSYoungGen      total 569856K, used 509844K [0x00000000d5580000, 0x00000000ff600000, 0x0000000100000000)
  eden space 458752K, 100% used [0x00000000d5580000,0x00000000f1580000,0x00000000f1580000)
  from space 111104K, 45% used [0x00000000f1580000,0x00000000f4765178,0x00000000f8200000)
  to   space 108032K, 0% used [0x00000000f8c80000,0x00000000f8c80000,0x00000000ff600000)
 ParOldGen       total 575488K, used 162877K [0x0000000080000000, 0x00000000a3200000, 0x00000000d5580000)
  object space 575488K, 28% used [0x0000000080000000,0x0000000089f0f4a0,0x00000000a3200000)
 Metaspace       used 185857K, capacity 199044K, committed 199320K, reserved 1222656K
  class space    used 22773K, capacity 25183K, committed 25264K, reserved 1048576K
Event: 6875.190 GC heap after
Heap after GC invocations=96 (full 6):
 PSYoungGen      total 579584K, used 26951K [0x00000000d5580000, 0x00000000fff00000, 0x0000000100000000)
  eden space 471552K, 0% used [0x00000000d5580000,0x00000000d5580000,0x00000000f2200000)
  from space 108032K, 24% used [0x00000000f8c80000,0x00000000fa6d1f78,0x00000000ff600000)
  to   space 109056K, 0% used [0x00000000f2200000,0x00000000f2200000,0x00000000f8c80000)
 ParOldGen       total 575488K, used 165388K [0x0000000080000000, 0x00000000a3200000, 0x00000000d5580000)
  object space 575488K, 28% used [0x0000000080000000,0x000000008a1830b0,0x00000000a3200000)
 Metaspace       used 185857K, capacity 199044K, committed 199320K, reserved 1222656K
  class space    used 22773K, capacity 25183K, committed 25264K, reserved 1048576K
}

