# JRE version: OpenJDK Runtime Environment (8.0_242-b01) (build 1.8.0_242-release-1644-b01)
# Java VM: OpenJDK 64-Bit Server VM (25.242-b01 mixed mode windows-amd64 compressed oops)
Heap:
 PSYoungGen      total 304640K, used 156553K [0x00000000d5580000, 0x00000000ed300000, 0x0000000100000000)
  eden space 257024K, 60% used [0x00000000d5580000,0x00000000dee62548,0x00000000e5080000)
  from space 47616K, 0% used [0x00000000ea480000,0x00000000ea480000,0x00000000ed300000)
  to   space 40960K, 0% used [0x00000000e5080000,0x00000000e5080000,0x00000000e7880000)
 ParOldGen       total 226816K, used 226798K [0x0000000080000000, 0x000000008dd80000, 0x00000000d5580000)
  object space 226816K, 99% used [0x0000000080000000,0x000000008dd7bac8,0x000000008dd80000)
 Metaspace       used 97907K, capacity 102468K, committed 104344K, reserved 1138688K
  class space    used 13099K, capacity 14001K, committed 14512K, reserved 1048576K
GC Heap History (10 events):
Event: 26.821 GC heap before
{Heap before GC invocations=20 (full 4):
 PSYoungGen      total 304640K, used 47607K [0x00000000d5580000, 0x00000000ed300000, 0x0000000100000000)
  eden space 257024K, 0% used [0x00000000d5580000,0x00000000d5580000,0x00000000e5080000)
  from space 47616K, 99% used [0x00000000ea480000,0x00000000ed2fded0,0x00000000ed300000)
  to   space 40960K, 0% used [0x00000000e5080000,0x00000000e5080000,0x00000000e7880000)
 ParOldGen       total 226816K, used 129018K [0x0000000080000000, 0x000000008dd80000, 0x00000000d5580000)
  object space 226816K, 56% used [0x0000000080000000,0x0000000087dfea80,0x000000008dd80000)
 Metaspace       used 93170K, capacity 98588K, committed 98600K, reserved 1134592K
  class space    used 12590K, capacity 13604K, committed 13616K, reserved 1048576K
Event: 27.022 GC heap after
Heap after GC invocations=20 (full 4):
 PSYoungGen      total 304640K, used 0K [0x00000000d5580000, 0x00000000ed300000, 0x0000000100000000)
  eden space 257024K, 0% used [0x00000000d5580000,0x00000000d5580000,0x00000000e5080000)
  from space 47616K, 0% used [0x00000000ea480000,0x00000000ea480000,0x00000000ed300000)
  to   space 40960K, 0% used [0x00000000e5080000,0x00000000e5080000,0x00000000e7880000)
 ParOldGen       total 226816K, used 158566K [0x0000000080000000, 0x000000008dd80000, 0x00000000d5580000)
  object space 226816K, 69% used [0x0000000080000000,0x0000000089ad9bb8,0x000000008dd80000)
 Metaspace       used 92283K, capacity 96182K, committed 98600K, reserved 1134592K
  class space    used 12289K, capacity 13067K, committed 13616K, reserved 1048576K
}
Event: 27.459 GC heap before
{Heap before GC invocations=21 (full 4):
 PSYoungGen      total 304640K, used 256774K [0x00000000d5580000, 0x00000000ed300000, 0x0000000100000000)
  eden space 257024K, 99% used [0x00000000d5580000,0x00000000e5041a58,0x00000000e5080000)
  from space 47616K, 0% used [0x00000000ea480000,0x00000000ea480000,0x00000000ed300000)
  to   space 40960K, 0% used [0x00000000e5080000,0x00000000e5080000,0x00000000e7880000)
 ParOldGen       total 226816K, used 158566K [0x0000000080000000, 0x000000008dd80000, 0x00000000d5580000)
  object space 226816K, 69% used [0x0000000080000000,0x0000000089ad9bb8,0x000000008dd80000)
 Metaspace       used 97285K, capacity 102806K, committed 102936K, reserved 1138688K
  class space    used 13221K, capacity 14301K, committed 14384K, reserved 1048576K
Event: 27.483 GC heap after
Heap after GC invocations=21 (full 4):
 PSYoungGen      total 297984K, used 40942K [0x00000000d5580000, 0x00000000ed300000, 0x0000000100000000)
  eden space 257024K, 0% used [0x00000000d5580000,0x00000000d5580000,0x00000000e5080000)
  from space 40960K, 99% used [0x00000000e5080000,0x00000000e787bbf0,0x00000000e7880000)
  to   space 47616K, 0% used [0x00000000ea480000,0x00000000ea480000,0x00000000ed300000)
 ParOldGen       total 226816K, used 159195K [0x0000000080000000, 0x000000008dd80000, 0x00000000d5580000)
  object space 226816K, 70% used [0x0000000080000000,0x0000000089b76f88,0x000000008dd80000)
 Metaspace       used 97285K, capacity 102806K, committed 102936K, reserved 1138688K
  class space    used 13221K, capacity 14301K, committed 14384K, reserved 1048576K
}
Event: 27.871 GC heap before
{Heap before GC invocations=22 (full 4):
 PSYoungGen      total 297984K, used 297966K [0x00000000d5580000, 0x00000000ed300000, 0x0000000100000000)
  eden space 257024K, 100% used [0x00000000d5580000,0x00000000e5080000,0x00000000e5080000)
  from space 40960K, 99% used [0x00000000e5080000,0x00000000e787bbf0,0x00000000e7880000)
  to   space 47616K, 0% used [0x00000000ea480000,0x00000000ea480000,0x00000000ed300000)
 ParOldGen       total 226816K, used 159195K [0x0000000080000000, 0x000000008dd80000, 0x00000000d5580000)
  object space 226816K, 70% used [0x0000000080000000,0x0000000089b76f88,0x000000008dd80000)
 Metaspace       used 98021K, capacity 103628K, committed 103704K, reserved 1138688K
  class space    used 13301K, capacity 14382K, committed 14384K, reserved 1048576K
Event: 27.929 GC heap after
Heap after GC invocations=22 (full 4):
 PSYoungGen      total 304640K, used 47585K [0x00000000d5580000, 0x00000000ed300000, 0x0000000100000000)
  eden space 257024K, 0% used [0x00000000d5580000,0x00000000d5580000,0x00000000e5080000)
  from space 47616K, 99% used [0x00000000ea480000,0x00000000ed2f85e8,0x00000000ed300000)
  to   space 40960K, 0% used [0x00000000e5080000,0x00000000e5080000,0x00000000e7880000)
 ParOldGen       total 226816K, used 210604K [0x0000000080000000, 0x000000008dd80000, 0x00000000d5580000)
  object space 226816K, 92% used [0x0000000080000000,0x000000008cdab288,0x000000008dd80000)
 Metaspace       used 98021K, capacity 103628K, committed 103704K, reserved 1138688K
  class space    used 13301K, capacity 14382K, committed 14384K, reserved 1048576K
}
Event: 27.929 GC heap before
{Heap before GC invocations=23 (full 5):
 PSYoungGen      total 304640K, used 47585K [0x00000000d5580000, 0x00000000ed300000, 0x0000000100000000)
  eden space 257024K, 0% used [0x00000000d5580000,0x00000000d5580000,0x00000000e5080000)
  from space 47616K, 99% used [0x00000000ea480000,0x00000000ed2f85e8,0x00000000ed300000)
  to   space 40960K, 0% used [0x00000000e5080000,0x00000000e5080000,0x00000000e7880000)
 ParOldGen       total 226816K, used 210604K [0x0000000080000000, 0x000000008dd80000, 0x00000000d5580000)
  object space 226816K, 92% used [0x0000000080000000,0x000000008cdab288,0x000000008dd80000)
 Metaspace       used 98021K, capacity 103628K, committed 103704K, reserved 1138688K
  class space    used 13301K, capacity 14382K, committed 14384K, reserved 1048576K
Event: 28.604 GC heap after
Heap after GC invocations=23 (full 5):
 PSYoungGen      total 304640K, used 9014K [0x00000000d5580000, 0x00000000ed300000, 0x0000000100000000)
  eden space 257024K, 0% used [0x00000000d5580000,0x00000000d5580000,0x00000000e5080000)
  from space 47616K, 18% used [0x00000000ea480000,0x00000000ead4da48,0x00000000ed300000)
  to   space 40960K, 0% used [0x00000000e5080000,0x00000000e5080000,0x00000000e7880000)
 ParOldGen       total 226816K, used 225959K [0x0000000080000000, 0x000000008dd80000, 0x00000000d5580000)
  object space 226816K, 99% used [0x0000000080000000,0x000000008dca9d90,0x000000008dd80000)
 Metaspace       used 97306K, capacity 101832K, committed 103704K, reserved 1138688K
  class space    used 13048K, capacity 13939K, committed 14384K, reserved 1048576K
}
Event: 28.938 GC heap before
{Heap before GC invocations=24 (full 6):
 PSYoungGen      total 304640K, used 266038K [0x00000000d5580000, 0x00000000ed300000, 0x0000000100000000)
  eden space 257024K, 100% used [0x00000000d5580000,0x00000000e5080000,0x00000000e5080000)
  from space 47616K, 18% used [0x00000000ea480000,0x00000000ead4da48,0x00000000ed300000)
  to   space 40960K, 0% used [0x00000000e5080000,0x00000000e5080000,0x00000000e7880000)
 ParOldGen       total 226816K, used 225959K [0x0000000080000000, 0x000000008dd80000, 0x00000000d5580000)
  object space 226816K, 99% used [0x0000000080000000,0x000000008dca9d90,0x000000008dd80000)
 Metaspace       used 97656K, capacity 102238K, committed 103960K, reserved 1138688K
  class space    used 13073K, capacity 13956K, committed 14384K, reserved 1048576K
Event: 29.468 GC heap after
Heap after GC invocations=24 (full 6):
 PSYoungGen      total 304640K, used 16945K [0x00000000d5580000, 0x00000000ed300000, 0x0000000100000000)
  eden space 257024K, 6% used [0x00000000d5580000,0x00000000d660c6c0,0x00000000e5080000)
  from space 47616K, 0% used [0x00000000ea480000,0x00000000ea480000,0x00000000ed300000)
  to   space 40960K, 0% used [0x00000000e5080000,0x00000000e5080000,0x00000000e7880000)
 ParOldGen       total 226816K, used 226798K [0x0000000080000000, 0x000000008dd80000, 0x00000000d5580000)
  object space 226816K, 99% used [0x0000000080000000,0x000000008dd7bac8,0x000000008dd80000)
 Metaspace       used 97656K, capacity 102238K, committed 103960K, reserved 1138688K
  class space    used 13073K, capacity 13956K, committed 14384K, reserved 1048576K
}

