# JRE version: OpenJDK Runtime Environment (8.0_242-b01) (build 1.8.0_242-release-1644-b01)
# Java VM: OpenJDK 64-Bit Server VM (25.242-b01 mixed mode windows-amd64 compressed oops)
Heap:
 PSYoungGen      total 443392K, used 393169K [0x00000000d5580000, 0x00000000f6c00000, 0x0000000100000000)
  eden space 379392K, 96% used [0x00000000d5580000,0x00000000ebad1be0,0x00000000ec800000)
  from space 64000K, 42% used [0x00000000ec800000,0x00000000ee2a2890,0x00000000f0680000)
  to   space 60928K, 0% used [0x00000000f3080000,0x00000000f3080000,0x00000000f6c00000)
 ParOldGen       total 343040K, used 87075K [0x0000000080000000, 0x0000000094f00000, 0x00000000d5580000)
  object space 343040K, 25% used [0x0000000080000000,0x0000000085508c88,0x0000000094f00000)
 Metaspace       used 116250K, capacity 124222K, committed 124312K, reserved 1157120K
  class space    used 15033K, capacity 16559K, committed 16560K, reserved 1048576K
GC Heap History (10 events):
Event: 30.931 GC heap before
{Heap before GC invocations=21 (full 4):
 PSYoungGen      total 338432K, used 52308K [0x00000000d5580000, 0x00000000f1700000, 0x0000000100000000)
  eden space 281600K, 0% used [0x00000000d5580000,0x00000000d5580000,0x00000000e6880000)
  from space 56832K, 92% used [0x00000000e6880000,0x00000000e9b95208,0x00000000ea000000)
  to   space 64000K, 0% used [0x00000000ed880000,0x00000000ed880000,0x00000000f1700000)
 ParOldGen       total 224768K, used 82945K [0x0000000080000000, 0x000000008db80000, 0x00000000d5580000)
  object space 224768K, 36% used [0x0000000080000000,0x0000000085100480,0x000000008db80000)
 Metaspace       used 94545K, capacity 98492K, committed 98600K, reserved 1134592K
  class space    used 12152K, capacity 12965K, committed 12976K, reserved 1048576K
Event: 31.087 GC heap after
Heap after GC invocations=21 (full 4):
 PSYoungGen      total 338432K, used 0K [0x00000000d5580000, 0x00000000f1700000, 0x0000000100000000)
  eden space 281600K, 0% used [0x00000000d5580000,0x00000000d5580000,0x00000000e6880000)
  from space 56832K, 0% used [0x00000000e6880000,0x00000000e6880000,0x00000000ea000000)
  to   space 64000K, 0% used [0x00000000ed880000,0x00000000ed880000,0x00000000f1700000)
 ParOldGen       total 343040K, used 87043K [0x0000000080000000, 0x0000000094f00000, 0x00000000d5580000)
  object space 343040K, 25% used [0x0000000080000000,0x0000000085500c88,0x0000000094f00000)
 Metaspace       used 94415K, capacity 98108K, committed 98600K, reserved 1134592K
  class space    used 12112K, capacity 12895K, committed 12976K, reserved 1048576K
}
Event: 40.143 GC heap before
{Heap before GC invocations=22 (full 4):
 PSYoungGen      total 338432K, used 281600K [0x00000000d5580000, 0x00000000f1700000, 0x0000000100000000)
  eden space 281600K, 100% used [0x00000000d5580000,0x00000000e6880000,0x00000000e6880000)
  from space 56832K, 0% used [0x00000000e6880000,0x00000000e6880000,0x00000000ea000000)
  to   space 64000K, 0% used [0x00000000ed880000,0x00000000ed880000,0x00000000f1700000)
 ParOldGen       total 343040K, used 87043K [0x0000000080000000, 0x0000000094f00000, 0x00000000d5580000)
  object space 343040K, 25% used [0x0000000080000000,0x0000000085500c88,0x0000000094f00000)
 Metaspace       used 98670K, capacity 102544K, committed 102936K, reserved 1138688K
  class space    used 12502K, capacity 13308K, committed 13360K, reserved 1048576K
Event: 40.159 GC heap after
Heap after GC invocations=22 (full 4):
 PSYoungGen      total 386048K, used 25516K [0x00000000d5580000, 0x00000000f0e80000, 0x0000000100000000)
  eden space 330752K, 0% used [0x00000000d5580000,0x00000000d5580000,0x00000000e9880000)
  from space 55296K, 46% used [0x00000000ed880000,0x00000000ef16b0a0,0x00000000f0e80000)
  to   space 60416K, 0% used [0x00000000e9880000,0x00000000e9880000,0x00000000ed380000)
 ParOldGen       total 343040K, used 87051K [0x0000000080000000, 0x0000000094f00000, 0x00000000d5580000)
  object space 343040K, 25% used [0x0000000080000000,0x0000000085502c88,0x0000000094f00000)
 Metaspace       used 98670K, capacity 102544K, committed 102936K, reserved 1138688K
  class space    used 12502K, capacity 13308K, committed 13360K, reserved 1048576K
}
Event: 41.208 GC heap before
{Heap before GC invocations=23 (full 4):
 PSYoungGen      total 386048K, used 356268K [0x00000000d5580000, 0x00000000f0e80000, 0x0000000100000000)
  eden space 330752K, 100% used [0x00000000d5580000,0x00000000e9880000,0x00000000e9880000)
  from space 55296K, 46% used [0x00000000ed880000,0x00000000ef16b0a0,0x00000000f0e80000)
  to   space 60416K, 0% used [0x00000000e9880000,0x00000000e9880000,0x00000000ed380000)
 ParOldGen       total 343040K, used 87051K [0x0000000080000000, 0x0000000094f00000, 0x00000000d5580000)
  object space 343040K, 25% used [0x0000000080000000,0x0000000085502c88,0x0000000094f00000)
 Metaspace       used 109324K, capacity 116380K, committed 116632K, reserved 1150976K
  class space    used 14388K, capacity 15760K, committed 15792K, reserved 1048576K
Event: 41.228 GC heap after
Heap after GC invocations=23 (full 4):
 PSYoungGen      total 391168K, used 48297K [0x00000000d5580000, 0x00000000f5000000, 0x0000000100000000)
  eden space 330752K, 0% used [0x00000000d5580000,0x00000000d5580000,0x00000000e9880000)
  from space 60416K, 79% used [0x00000000e9880000,0x00000000ec7aa4d0,0x00000000ed380000)
  to   space 65024K, 0% used [0x00000000f1080000,0x00000000f1080000,0x00000000f5000000)
 ParOldGen       total 343040K, used 87059K [0x0000000080000000, 0x0000000094f00000, 0x00000000d5580000)
  object space 343040K, 25% used [0x0000000080000000,0x0000000085504c88,0x0000000094f00000)
 Metaspace       used 109324K, capacity 116380K, committed 116632K, reserved 1150976K
  class space    used 14388K, capacity 15760K, committed 15792K, reserved 1048576K
}
Event: 214.560 GC heap before
{Heap before GC invocations=24 (full 4):
 PSYoungGen      total 391168K, used 379049K [0x00000000d5580000, 0x00000000f5000000, 0x0000000100000000)
  eden space 330752K, 100% used [0x00000000d5580000,0x00000000e9880000,0x00000000e9880000)
  from space 60416K, 79% used [0x00000000e9880000,0x00000000ec7aa4d0,0x00000000ed380000)
  to   space 65024K, 0% used [0x00000000f1080000,0x00000000f1080000,0x00000000f5000000)
 ParOldGen       total 343040K, used 87059K [0x0000000080000000, 0x0000000094f00000, 0x00000000d5580000)
  object space 343040K, 25% used [0x0000000080000000,0x0000000085504c88,0x0000000094f00000)
 Metaspace       used 115036K, capacity 122600K, committed 122776K, reserved 1155072K
  class space    used 14945K, capacity 16444K, committed 16560K, reserved 1048576K
Event: 214.574 GC heap after
Heap after GC invocations=24 (full 4):
 PSYoungGen      total 433152K, used 35334K [0x00000000d5580000, 0x00000000f4500000, 0x0000000100000000)
  eden space 379392K, 0% used [0x00000000d5580000,0x00000000d5580000,0x00000000ec800000)
  from space 53760K, 65% used [0x00000000f1080000,0x00000000f3301a68,0x00000000f4500000)
  to   space 64000K, 0% used [0x00000000ec800000,0x00000000ec800000,0x00000000f0680000)
 ParOldGen       total 343040K, used 87067K [0x0000000080000000, 0x0000000094f00000, 0x00000000d5580000)
  object space 343040K, 25% used [0x0000000080000000,0x0000000085506c88,0x0000000094f00000)
 Metaspace       used 115036K, capacity 122600K, committed 122776K, reserved 1155072K
  class space    used 14945K, capacity 16444K, committed 16560K, reserved 1048576K
}
Event: 352.547 GC heap before
{Heap before GC invocations=25 (full 4):
 PSYoungGen      total 433152K, used 414726K [0x00000000d5580000, 0x00000000f4500000, 0x0000000100000000)
  eden space 379392K, 100% used [0x00000000d5580000,0x00000000ec800000,0x00000000ec800000)
  from space 53760K, 65% used [0x00000000f1080000,0x00000000f3301a68,0x00000000f4500000)
  to   space 64000K, 0% used [0x00000000ec800000,0x00000000ec800000,0x00000000f0680000)
 ParOldGen       total 343040K, used 87067K [0x0000000080000000, 0x0000000094f00000, 0x00000000d5580000)
  object space 343040K, 25% used [0x0000000080000000,0x0000000085506c88,0x0000000094f00000)
 Metaspace       used 115452K, capacity 123056K, committed 123288K, reserved 1157120K
  class space    used 14959K, capacity 16464K, committed 16560K, reserved 1048576K
Event: 352.560 GC heap after
Heap after GC invocations=25 (full 4):
 PSYoungGen      total 443392K, used 27274K [0x00000000d5580000, 0x00000000f6c00000, 0x0000000100000000)
  eden space 379392K, 0% used [0x00000000d5580000,0x00000000d5580000,0x00000000ec800000)
  from space 64000K, 42% used [0x00000000ec800000,0x00000000ee2a2890,0x00000000f0680000)
  to   space 60928K, 0% used [0x00000000f3080000,0x00000000f3080000,0x00000000f6c00000)
 ParOldGen       total 343040K, used 87075K [0x0000000080000000, 0x0000000094f00000, 0x00000000d5580000)
  object space 343040K, 25% used [0x0000000080000000,0x0000000085508c88,0x0000000094f00000)
 Metaspace       used 115452K, capacity 123056K, committed 123288K, reserved 1157120K
  class space    used 14959K, capacity 16464K, committed 16560K, reserved 1048576K
}

